<?xml version="1.0" encoding="UTF-8"?>
<!-- Generated by org.testng.reporters.JUnitXMLReporter -->
<testsuite hostname="LAPTOP-F72N0JFD" ignored="0" name="Test" tests="3" failures="0" timestamp="20 Jul 2019 18:52:22 GMT" time="0.031" errors="0">
  <testcase name="depositsLogin" time="0.016" classname="mygroupId.DepositsTest"/>
  <testcase name="loginLoan" time="0.0" classname="mygroupId.LoanTest"/>
  <testcase name="accountsLogin" time="0.0" classname="mygroupId.AccountsTest"/>
</testsuite> <!-- Test -->
