<?xml version="1.0" encoding="UTF-8"?>
<testng-results skipped="0" failed="0" ignored="0" total="3" passed="3">
  <reporter-output>
  </reporter-output>
  <suite name="Suite" duration-ms="31" started-at="2019-07-20T18:52:22Z" finished-at="2019-07-20T18:52:22Z">
    <groups>
    </groups>
    <test name="Test" duration-ms="31" started-at="2019-07-20T18:52:22Z" finished-at="2019-07-20T18:52:22Z">
      <class name="mygroupId.AccountsTest">
        <test-method status="PASS" signature="accountsLogin()[pri:0, instance:mygroupId.AccountsTest@668bc3d5]" name="accountsLogin" duration-ms="0" started-at="2019-07-20T18:52:22Z" finished-at="2019-07-20T18:52:22Z">
          <reporter-output>
          </reporter-output>
        </test-method> <!-- accountsLogin -->
      </class> <!-- mygroupId.AccountsTest -->
      <class name="mygroupId.DepositsTest">
        <test-method status="PASS" signature="depositsLogin()[pri:0, instance:mygroupId.DepositsTest@21bcffb5]" name="depositsLogin" duration-ms="16" started-at="2019-07-20T18:52:22Z" finished-at="2019-07-20T18:52:22Z">
          <reporter-output>
          </reporter-output>
        </test-method> <!-- depositsLogin -->
      </class> <!-- mygroupId.DepositsTest -->
      <class name="mygroupId.LoanTest">
        <test-method status="PASS" signature="loginLoan()[pri:0, instance:mygroupId.LoanTest@380fb434]" name="loginLoan" duration-ms="0" started-at="2019-07-20T18:52:22Z" finished-at="2019-07-20T18:52:22Z">
          <reporter-output>
          </reporter-output>
        </test-method> <!-- loginLoan -->
      </class> <!-- mygroupId.LoanTest -->
    </test> <!-- Test -->
  </suite> <!-- Suite -->
</testng-results>
